<?xml version="1.0" encoding="UTF-8"?>
<!-- Generated by org.testng.reporters.JUnitXMLReporter -->
<testsuite ignored="0" hostname="Pratap" failures="1" tests="3" name="Test" time="12.881" errors="0" timestamp="2023-07-19T16:42:04 IST">
  <testcase classname="Test.OpenAmazon" name="amazonHomepage" time="8.594"/>
  <testcase classname="Test.OpenGoogle" name="googleHomepage" time="0.009">
    <failure type="java.lang.AssertionError" message="null">
      <![CDATA[java.lang.AssertionError: null
at Test.OpenGoogle.googleHomepage(OpenGoogle.java:12)
at java.base/java.util.ArrayList.forEach(ArrayList.java:1511)
... Removed 29 stack frames]]>
    </failure>
  </testcase> <!-- googleHomepage -->
  <testcase classname="Test.Patym" name="paytmHomepage" time="4.191"/>
</testsuite> <!-- Test -->
