<?xml version="1.0" encoding="UTF-8"?>
<!-- Generated by org.testng.reporters.JUnitXMLReporter -->
<testsuite ignored="0" hostname="Pratap" failures="1" tests="1" name="Test(failed)" time="0.084" errors="0" timestamp="2023-07-19T16:53:56 IST">
  <testcase classname="Test.OpenGoogle" name="googleHomepage" time="0.018">
    <failure type="java.lang.AssertionError" message="null">
      <![CDATA[java.lang.AssertionError: null
at Test.OpenGoogle.googleHomepage(OpenGoogle.java:12)
at java.base/java.util.ArrayList.forEach(ArrayList.java:1511)
... Removed 29 stack frames]]>
    </failure>
  </testcase> <!-- googleHomepage -->
</testsuite> <!-- Test(failed) -->
