<?xml version="1.0" encoding="UTF-8"?>
<testng-results ignored="0" total="3" passed="3" failed="0" skipped="0">
  <reporter-output>
  </reporter-output>
  <suite started-at="2023-07-21T23:44:47 IST" name="Suite" finished-at="2023-07-21T23:45:01 IST" duration-ms="14244">
    <groups>
    </groups>
    <test started-at="2023-07-21T23:44:47 IST" name="Test" finished-at="2023-07-21T23:45:01 IST" duration-ms="14244">
      <class name="Test.OpenAmazon">
        <test-method signature="amazonHomepage()[pri:0, instance:Test.OpenAmazon@27ae2fd0]" started-at="2023-07-21T23:44:47 IST" name="amazonHomepage" finished-at="2023-07-21T23:44:53 IST" duration-ms="6207" status="PASS">
          <reporter-output>
          </reporter-output>
        </test-method> <!-- amazonHomepage -->
      </class> <!-- Test.OpenAmazon -->
      <class name="Test.OpenGoogle">
        <test-method signature="googleHomepage()[pri:0, instance:Test.OpenGoogle@29176cc1]" started-at="2023-07-21T23:44:53 IST" name="googleHomepage" finished-at="2023-07-21T23:44:56 IST" duration-ms="3117" status="PASS">
          <reporter-output>
          </reporter-output>
        </test-method> <!-- googleHomepage -->
      </class> <!-- Test.OpenGoogle -->
      <class name="Test.Patym">
        <test-method signature="paytmHomepage()[pri:0, instance:Test.Patym@2f177a4b]" started-at="2023-07-21T23:44:56 IST" name="paytmHomepage" finished-at="2023-07-21T23:45:01 IST" duration-ms="4864" status="PASS">
          <reporter-output>
          </reporter-output>
        </test-method> <!-- paytmHomepage -->
      </class> <!-- Test.Patym -->
    </test> <!-- Test -->
  </suite> <!-- Suite -->
</testng-results>
