<?xml version="1.0" encoding="UTF-8"?>
<testng-results ignored="0" total="3" passed="3" failed="0" skipped="0">
  <reporter-output>
  </reporter-output>
  <suite started-at="2023-07-21T23:42:24 IST" name="Suite" finished-at="2023-07-21T23:42:42 IST" duration-ms="17995">
    <groups>
    </groups>
    <test started-at="2023-07-21T23:42:24 IST" name="Test" finished-at="2023-07-21T23:42:42 IST" duration-ms="17995">
      <class name="Test.OpenAmazon">
        <test-method signature="amazonHomepage()[pri:0, instance:Test.OpenAmazon@6a192cfe]" started-at="2023-07-21T23:42:24 IST" name="amazonHomepage" finished-at="2023-07-21T23:42:32 IST" duration-ms="8277" status="PASS">
          <reporter-output>
          </reporter-output>
        </test-method> <!-- amazonHomepage -->
      </class> <!-- Test.OpenAmazon -->
      <class name="Test.OpenGoogle">
        <test-method signature="googleHomepage()[pri:0, instance:Test.OpenGoogle@6e171cd7]" started-at="2023-07-21T23:42:32 IST" name="googleHomepage" finished-at="2023-07-21T23:42:36 IST" duration-ms="4176" status="PASS">
          <reporter-output>
          </reporter-output>
        </test-method> <!-- googleHomepage -->
      </class> <!-- Test.OpenGoogle -->
      <class name="Test.Patym">
        <test-method signature="paytmHomepage()[pri:0, instance:Test.Patym@402bba4f]" started-at="2023-07-21T23:42:36 IST" name="paytmHomepage" finished-at="2023-07-21T23:42:42 IST" duration-ms="5411" status="PASS">
          <reporter-output>
          </reporter-output>
        </test-method> <!-- paytmHomepage -->
      </class> <!-- Test.Patym -->
    </test> <!-- Test -->
  </suite> <!-- Suite -->
</testng-results>
